<?xml version="1.0" encoding="UTF-8"?>
<robot generator="Robot 4.1.2 (Python 3.7.5 on win32)" generated="20211208 13:24:55.241" rpa="true" schemaversion="2">
<suite id="s1" name="Tasks" source="C:\Users\miikk\AppData\Local\robocorp\RobocodeLab\temp\99_12437_593545400_1\workarea61b0957d\tasks.robot">
<test id="s1-t1" name="Minimal task">
<kw name="Log" library="BuiltIn">
<arg>Done.</arg>
<doc>Logs the given message with the given level.</doc>
<msg timestamp="20211208 13:24:55.270" level="INFO">Done.</msg>
<status status="PASS" starttime="20211208 13:24:55.270" endtime="20211208 13:24:55.270"/>
</kw>
<status status="PASS" starttime="20211208 13:24:55.270" endtime="20211208 13:24:55.270"/>
</test>
<doc>Template robot main suite.</doc>
<status status="PASS" starttime="20211208 13:24:55.243" endtime="20211208 13:24:55.271"/>
</suite>
<statistics>
<total>
<stat pass="1" fail="0" skip="0">All Tasks</stat>
</total>
<tag>
</tag>
<suite>
<stat pass="1" fail="0" skip="0" id="s1" name="Tasks">Tasks</stat>
</suite>
</statistics>
<errors>
</errors>
</robot>
